Running Sphinx v3.2.0
C:\Users\johnc\PycharmProjects\FRModel
loading pickled environment... done
building [mo]: targets for 0 po files that are out of date
building [html]: targets for 1 source files that are out of date
updating environment: 0 added, 1 changed, 0 removed
reading sources... [100%] info/changelog                                       
looking for now-outdated files... none found
pickling environment... done
checking consistency... done
preparing documents... done
writing output... [ 33%] index                                                 writing output... [ 66%] info                                                  writing output... [100%] info/changelog                                        
generating indices...  genindexdone
writing additional pages...  searchdone
copying static files... ... done
copying extra files... done
dumping search index in English (code: en)... done
dumping object inventory... done
build succeeded.

The HTML pages are in build.
